  DemoMap.cpp
  DemoPlayer.cpp
  EnemyBoss.cpp
  Map.cpp
  ObjectEnemyBase.cpp
  ObjectItem.cpp
  ObjectRock.cpp
  Player.cpp
  StageObjectBase.cpp
  SceneTitleMenu.cpp
  InputState.cpp
  Model.cpp
  SkyDome.cpp
  コード生成しています。
  15 of 2422 functions ( 0.6%) were compiled, the rest were copied from previous compilation.
    0 functions were new in current compilation
    8 functions had inline decision re-evaluated but remain unchanged
  コード生成が終了しました。
EffekseerForDXLib_vs2019_x64.lib(EffekseerForDXLib.obj) : warning LNK4099: PDB '' が 'EffekseerForDXLib_vs2019_x64.lib(EffekseerForDXLib.obj)' で、または '' に見つかりません。デバッグ情報がないものとして、オブジェクトにリンクします。
  ShpGameTemp2304.vcxproj -> D:\Higashi\Program\Git\Shprgrm\SpaceFighting\x64\Release\ShpGame.exe
